<?xml version="1.0" encoding="UTF-8"?>
<!-- Generated by org.testng.reporters.JUnitReportReporter -->
<testsuite hostname="DESKTOP-9AR9G70" failures="0" tests="1" name="Mock.testng" time="0.033" errors="0" timestamp="2022-02-21T20:17:46 IST" skipped="0">
  <testcase classname="Mock.testng" name="addition" time="0.033"/>
  <system-out/>
</testsuite> <!-- Mock.testng -->
