<?xml version="1.0" encoding="UTF-8"?>
<!-- Generated by org.testng.reporters.JUnitReportReporter -->
<testsuite hostname="DESKTOP-9AR9G70" failures="0" tests="3" name="com.aspire.TestNg.Annotations.BasicTestNG" time="0.023" errors="0" timestamp="2022-03-11T20:01:46 IST" skipped="0">
  <testcase classname="com.aspire.TestNg.Annotations.BasicTestNG" name="EnterPassword" time="0.004"/>
  <system-out>
    <![CDATA[Enter pw Succesfully]]>
  </system-out>
  <testcase classname="com.aspire.TestNg.Annotations.BasicTestNG" name="ClickLogin" time="0.010"/>
  <system-out>
    <![CDATA[Click on Loginbutton Succesfully]]>
  </system-out>
  <testcase classname="com.aspire.TestNg.Annotations.BasicTestNG" name="Enterusername" time="0.009"/>
  <system-out>
    <![CDATA[Enter UN launch Succesfully]]>
  </system-out>
</testsuite> <!-- com.aspire.TestNg.Annotations.BasicTestNG -->
