<?xml version="1.0" encoding="UTF-8"?>
<!-- Generated by org.testng.reporters.JUnitReportReporter -->
<testsuite hostname="DESKTOP-9AR9G70" failures="0" tests="2" name="com.aspire.TestNg.Kerywords.KeywordDependsOnMethod" time="1.066" errors="0" timestamp="2022-04-14T14:53:27 IST" skipped="0">
  <testcase classname="com.aspire.TestNg.Kerywords.KeywordDependsOnMethod" name="Logout" time="0.006"/>
  <system-out>
    <![CDATA[Logout]]>
  </system-out>
  <testcase classname="com.aspire.TestNg.Kerywords.KeywordDependsOnMethod" name="Login" time="1.060"/>
  <system-out>
    <![CDATA[Login]]>
  </system-out>
</testsuite> <!-- com.aspire.TestNg.Kerywords.KeywordDependsOnMethod -->
