<?xml version="1.0" encoding="UTF-8"?>
<!-- Generated by org.testng.reporters.JUnitReportReporter -->
<testsuite hostname="DESKTOP-9AR9G70" failures="0" tests="2" name="TestNgpractciec.TextClass" time="0.606" errors="0" timestamp="2022-03-03T11:35:29 IST" skipped="0">
  <testcase classname="TestNgpractciec.TextClass" name="intialvalue" time="0.279"/>
  <system-out/>
  <testcase classname="TestNgpractciec.TextClass" name="LOgo" time="0.327"/>
  <system-out/>
</testsuite> <!-- TestNgpractciec.TextClass -->
