<?xml version="1.0" encoding="UTF-8"?>
<!-- Generated by org.testng.reporters.JUnitReportReporter -->
<testsuite hostname="DESKTOP-9AR9G70" failures="0" tests="5" name="com.aspire.TestNg.FailedFiles.Grouping" time="0.028" errors="0" timestamp="2022-03-15T15:21:30 IST" skipped="0">
  <testcase classname="com.aspire.TestNg.FailedFiles.Grouping" name="TCS3" time="0.002"/>
  <system-out>
    <![CDATA[test case 3 pass]]>
  </system-out>
  <testcase classname="com.aspire.TestNg.FailedFiles.Grouping" name="TCS5" time="0.007"/>
  <system-out>
    <![CDATA[test case 5 pass]]>
  </system-out>
  <testcase classname="com.aspire.TestNg.FailedFiles.Grouping" name="TCS4" time="0.002"/>
  <system-out>
    <![CDATA[test case 4 pass]]>
  </system-out>
  <testcase classname="com.aspire.TestNg.FailedFiles.Grouping" name="TCS2" time="0.004"/>
  <system-out>
    <![CDATA[test case 2 pass]]>
  </system-out>
  <testcase classname="com.aspire.TestNg.FailedFiles.Grouping" name="TCS1" time="0.013"/>
  <system-out>
    <![CDATA[test case 1 pass]]>
  </system-out>
</testsuite> <!-- com.aspire.TestNg.FailedFiles.Grouping -->
