<?xml version="1.0" encoding="UTF-8"?>
<!-- Generated by org.testng.reporters.JUnitReportReporter -->
<testsuite hostname="DESKTOP-9AR9G70" failures="0" tests="1" name="com.aspire.TestNg.Assert.SoftAssert3" time="0.022" errors="0" timestamp="2022-02-24T15:59:56 IST" skipped="0">
  <testcase classname="com.aspire.TestNg.Assert.SoftAssert3" name="Soft_assert" time="0.022"/>
  <system-out/>
</testsuite> <!-- com.aspire.TestNg.Assert.SoftAssert3 -->
