<?xml version="1.0" encoding="UTF-8"?>
<!-- Generated by org.testng.reporters.JUnitReportReporter -->
<testsuite hostname="DESKTOP-9AR9G70" failures="0" tests="1" name="com.aspire.FrameWork.ParallelTesting.Chrome" time="10.213" errors="0" timestamp="2022-03-15T14:38:52 IST" skipped="0">
  <testcase classname="com.aspire.FrameWork.ParallelTesting.Chrome" name="ChromeBrowser" time="10.213"/>
  <system-out/>
</testsuite> <!-- com.aspire.FrameWork.ParallelTesting.Chrome -->
