<?xml version="1.0" encoding="UTF-8"?>
<!-- Generated by org.testng.reporters.JUnitReportReporter -->
<testsuite hostname="DESKTOP-9AR9G70" failures="0" tests="1" name="com.aspire.FrameWork.TestNG.RandomMethods" time="0.002" errors="0" timestamp="2022-02-23T15:25:53 IST" skipped="0">
  <testcase classname="com.aspire.FrameWork.TestNG.RandomMethods" name="method5" time="0.002"/>
  <system-out>
    <![CDATA[test case m5]]>
  </system-out>
</testsuite> <!-- com.aspire.FrameWork.TestNG.RandomMethods -->
