<?xml version="1.0" encoding="UTF-8"?>
<!-- Generated by org.testng.reporters.JUnitReportReporter -->
<testsuite hostname="DESKTOP-9AR9G70" failures="0" tests="5" name="com.aspire.TestNg.FailedFiles.SkipedTestCases" time="0.026" errors="0" timestamp="2022-03-11T19:20:35 IST" skipped="1">
  <testcase classname="com.aspire.TestNg.FailedFiles.SkipedTestCases" name="TCS1" time="0.017"/>
  <system-out>
    <![CDATA[test case 1 pass]]>
  </system-out>
  <testcase classname="com.aspire.TestNg.FailedFiles.SkipedTestCases" name="TCS5" time="0.003"/>
  <system-out>
    <![CDATA[test case 5 pass]]>
  </system-out>
  <testcase classname="com.aspire.TestNg.FailedFiles.SkipedTestCases" name="TCS2" time="0.004"/>
  <system-out>
    <![CDATA[test case 2 pass]]>
  </system-out>
  <testcase classname="com.aspire.TestNg.FailedFiles.SkipedTestCases" name="TCS4" time="0.002"/>
  <system-out>
    <![CDATA[test case 4 pass]]>
  </system-out>
  <testcase classname="com.aspire.TestNg.FailedFiles.SkipedTestCases" name="TCS3">
    <skipped/>
  </testcase> <!-- TCS3 -->
  <system-out/>
</testsuite> <!-- com.aspire.TestNg.FailedFiles.SkipedTestCases -->
