<?xml version="1.0" encoding="UTF-8"?>
<!-- Generated by org.testng.reporters.JUnitReportReporter -->
<testsuite hostname="DESKTOP-9AR9G70" failures="0" tests="1" name="com.aspire.FrameWork.compactibility.Chrome" time="7.243" errors="0" timestamp="2022-03-15T12:44:00 IST" skipped="0">
  <testcase classname="com.aspire.FrameWork.compactibility.Chrome" name="ChromeBrowser" time="7.243"/>
  <system-out/>
</testsuite> <!-- com.aspire.FrameWork.compactibility.Chrome -->
