<?xml version="1.0" encoding="UTF-8"?>
<!-- Generated by org.testng.reporters.JUnitReportReporter -->
<testsuite hostname="DESKTOP-9AR9G70" failures="0" tests="3" name="com.aspire.FrameWork.TestNG.Keywords" time="0.029" errors="0" timestamp="2022-02-23T11:07:34 IST" skipped="0">
  <testcase classname="com.aspire.FrameWork.TestNG.Keywords" name="Addcart" time="0.023"/>
  <system-out>
    <![CDATA[AddtoCart Attenpted Succesfully]]>
  </system-out>
  <testcase classname="com.aspire.FrameWork.TestNG.Keywords" name="Login" time="0.003"/>
  <system-out>
    <![CDATA[Login Attenpted Succesfully]]>
  </system-out>
  <testcase classname="com.aspire.FrameWork.TestNG.Keywords" name="Logout" time="0.003"/>
  <system-out>
    <![CDATA[Logout Attenpted Succesfully]]>
  </system-out>
</testsuite> <!-- com.aspire.FrameWork.TestNG.Keywords -->
