<?xml version="1.0" encoding="UTF-8"?>
<!-- Generated by org.testng.reporters.JUnitReportReporter -->
<testsuite hostname="DESKTOP-9AR9G70" failures="0" tests="1" name="com.aspire.TestNg.Annotations.RandomMethods" time="0.011" errors="0" timestamp="2022-04-13T14:53:58 IST" skipped="0">
  <testcase classname="com.aspire.TestNg.Annotations.RandomMethods" name="method5" time="0.011"/>
  <system-out>
    <![CDATA[test case m5]]>
  </system-out>
</testsuite> <!-- com.aspire.TestNg.Annotations.RandomMethods -->
