<?xml version="1.0" encoding="UTF-8"?>
<!-- Generated by org.testng.reporters.JUnitReportReporter -->
<testsuite hostname="DESKTOP-9AR9G70" failures="0" tests="9" name="com.aspire.FrameWork.TestNG.KeywordPriority" time="0.035" errors="0" timestamp="2022-02-23T11:25:58 IST" skipped="0">
  <testcase classname="com.aspire.FrameWork.TestNG.KeywordPriority" name="TCS7" time="0.015"/>
  <system-out>
    <![CDATA[test case 7 pass]]>
  </system-out>
  <testcase classname="com.aspire.FrameWork.TestNG.KeywordPriority" name="TCS1" time="0.003"/>
  <system-out>
    <![CDATA[test case 1 pass]]>
  </system-out>
  <testcase classname="com.aspire.FrameWork.TestNG.KeywordPriority" name="TCS5" time="0.002"/>
  <system-out>
    <![CDATA[test case 5 pass]]>
  </system-out>
  <testcase classname="com.aspire.FrameWork.TestNG.KeywordPriority" name="TCS4" time="0.002"/>
  <system-out>
    <![CDATA[test case 4 pass]]>
  </system-out>
  <testcase classname="com.aspire.FrameWork.TestNG.KeywordPriority" name="TCS6" time="0.002"/>
  <system-out>
    <![CDATA[test case 6 pass]]>
  </system-out>
  <testcase classname="com.aspire.FrameWork.TestNG.KeywordPriority" name="TCS8" time="0.002"/>
  <system-out>
    <![CDATA[test case 8 pass]]>
  </system-out>
  <testcase classname="com.aspire.FrameWork.TestNG.KeywordPriority" name="TCS9" time="0.002"/>
  <system-out>
    <![CDATA[test case 9 pass]]>
  </system-out>
  <testcase classname="com.aspire.FrameWork.TestNG.KeywordPriority" name="TCS2" time="0.003"/>
  <system-out>
    <![CDATA[test case 2 pass]]>
  </system-out>
  <testcase classname="com.aspire.FrameWork.TestNG.KeywordPriority" name="TCS3" time="0.004"/>
  <system-out>
    <![CDATA[test case 3 pass]]>
  </system-out>
</testsuite> <!-- com.aspire.FrameWork.TestNG.KeywordPriority -->
