<?xml version="1.0" encoding="UTF-8"?>
<!-- Generated by org.testng.reporters.JUnitReportReporter -->
<testsuite hostname="DESKTOP-9AR9G70" failures="0" tests="2" name="com.aspire.FrameWork.PagefactoryTestNgBaseUlitity.testclass" time="2.742" errors="0" timestamp="2022-03-04T12:39:05 IST" skipped="0">
  <testcase classname="com.aspire.FrameWork.PagefactoryTestNgBaseUlitity.testclass" name="Intials" time="2.636"/>
  <system-out/>
  <testcase classname="com.aspire.FrameWork.PagefactoryTestNgBaseUlitity.testclass" name="logO" time="0.106"/>
  <system-out/>
</testsuite> <!-- com.aspire.FrameWork.PagefactoryTestNgBaseUlitity.testclass -->
