<?xml version="1.0" encoding="UTF-8"?>
<!-- Generated by org.testng.reporters.JUnitReportReporter -->
<testsuite hostname="DESKTOP-9AR9G70" failures="0" tests="1" name="Mock.Soft" time="0.019" errors="0" timestamp="2022-02-26T20:59:07 IST" skipped="0">
  <testcase classname="Mock.Soft" name="tc1" time="0.019"/>
  <system-out/>
</testsuite> <!-- Mock.Soft -->
