<?xml version="1.0" encoding="UTF-8"?>
<!-- Generated by org.testng.reporters.JUnitReportReporter -->
<testsuite hostname="DESKTOP-9AR9G70" failures="0" tests="7" name="com.aspire.FrameWork.TestNG.KeywordInvocation" time="0.124" errors="0" timestamp="2022-02-23T14:44:42 IST" skipped="0">
  <testcase classname="com.aspire.FrameWork.TestNG.KeywordInvocation" name="Login" time="0.006"/>
  <system-out>
    <![CDATA[Login Attempted Succesfully]]>
  </system-out>
  <testcase classname="com.aspire.FrameWork.TestNG.KeywordInvocation" name="Addcart" time="0.005"/>
  <system-out>
    <![CDATA[AddtoCart Attempted Succesfully]]>
  </system-out>
  <testcase classname="com.aspire.FrameWork.TestNG.KeywordInvocation" name="Addcart" time="0.058"/>
  <system-out>
    <![CDATA[AddtoCart Attempted Succesfully]]>
  </system-out>
  <testcase classname="com.aspire.FrameWork.TestNG.KeywordInvocation" name="Addcart" time="0.003"/>
  <system-out>
    <![CDATA[AddtoCart Attempted Succesfully]]>
  </system-out>
  <testcase classname="com.aspire.FrameWork.TestNG.KeywordInvocation" name="Logout" time="0.024"/>
  <system-out>
    <![CDATA[Logout Attempted Succesfully]]>
  </system-out>
  <testcase classname="com.aspire.FrameWork.TestNG.KeywordInvocation" name="Addcart" time="0.020"/>
  <system-out>
    <![CDATA[AddtoCart Attempted Succesfully]]>
  </system-out>
  <testcase classname="com.aspire.FrameWork.TestNG.KeywordInvocation" name="Addcart" time="0.008"/>
  <system-out>
    <![CDATA[AddtoCart Attempted Succesfully]]>
  </system-out>
</testsuite> <!-- com.aspire.FrameWork.TestNG.KeywordInvocation -->
